<?xml version="1.0" encoding="utf-8"?><testsuites name="pytest tests"><testsuite name="pytest" errors="0" failures="0" skipped="0" tests="7" time="5.840" timestamp="2026-02-25T21:13:23.229394+00:00" hostname="agent-env-f26cd660-67a3-4cd9-88c3-a40f550568e7"><testcase classname="backend.tests.test_customer_bug_fixes.TestBugFix1GenderAndLanguageFields" name="test_create_customer_with_gender_and_language" time="0.718" /><testcase classname="backend.tests.test_customer_bug_fixes.TestBugFix1GenderAndLanguageFields" name="test_create_customer_with_all_gender_options" time="1.407" /><testcase classname="backend.tests.test_customer_bug_fixes.TestBugFix2EditPreservesExistingData" name="test_edit_preserves_unmodified_fields" time="0.676" /><testcase classname="backend.tests.test_customer_bug_fixes.TestBugFix2EditPreservesExistingData" name="test_edit_with_empty_strings_does_not_overwrite" time="0.526" /><testcase classname="backend.tests.test_customer_bug_fixes.TestUpdatedAtField" name="test_updated_at_changes_on_update" time="1.642" /><testcase classname="backend.tests.test_customer_bug_fixes.TestCustomerCRUDBasics" name="test_create_read_delete_flow" time="0.618" /><testcase classname="backend.tests.test_customer_bug_fixes.TestCustomerCRUDBasics" name="test_list_customers" time="0.138" /></testsuite></testsuites>