<?xml version="1.0" encoding="utf-8"?><testsuites name="pytest tests"><testsuite name="pytest" errors="0" failures="0" skipped="0" tests="20" time="4.352" timestamp="2026-02-23T12:33:57.911841+00:00" hostname="agent-env-32a6ab4d-c0f2-48dd-b46a-da71c05ee26a"><testcase classname="tests.test_dinepoints_api.TestAuthEndpoints" name="test_login_success" time="0.464" /><testcase classname="tests.test_dinepoints_api.TestAuthEndpoints" name="test_login_invalid_credentials" time="0.106" /><testcase classname="tests.test_dinepoints_api.TestAuthEndpoints" name="test_get_current_user" time="0.481" /><testcase classname="tests.test_dinepoints_api.TestCustomerEndpoints" name="test_list_customers" time="0.439" /><testcase classname="tests.test_dinepoints_api.TestCustomerEndpoints" name="test_create_customer" time="0.146" /><testcase classname="tests.test_dinepoints_api.TestCustomerEndpoints" name="test_get_customer_by_id" time="0.225" /><testcase classname="tests.test_dinepoints_api.TestCustomerEndpoints" name="test_update_customer" time="0.282" /><testcase classname="tests.test_dinepoints_api.TestCustomerEndpoints" name="test_customer_segments_stats" time="0.120" /><testcase classname="tests.test_dinepoints_api.TestPointsEndpoints" name="test_create_points_transaction" time="0.244" /><testcase classname="tests.test_dinepoints_api.TestPointsEndpoints" name="test_get_customer_transactions" time="0.202" /><testcase classname="tests.test_dinepoints_api.TestWalletEndpoints" name="test_create_wallet_transaction" time="0.216" /><testcase classname="tests.test_dinepoints_api.TestWalletEndpoints" name="test_get_wallet_balance" time="0.207" /><testcase classname="tests.test_dinepoints_api.TestSegmentsEndpoints" name="test_list_segments" time="0.103" /><testcase classname="tests.test_dinepoints_api.TestSegmentsEndpoints" name="test_create_segment" time="0.110" /><testcase classname="tests.test_dinepoints_api.TestCouponsEndpoints" name="test_list_coupons" time="0.130" /><testcase classname="tests.test_dinepoints_api.TestCouponsEndpoints" name="test_create_coupon" time="0.120" /><testcase classname="tests.test_dinepoints_api.TestAnalyticsEndpoints" name="test_dashboard_stats" time="0.112" /><testcase classname="tests.test_dinepoints_api.TestLoyaltySettings" name="test_get_loyalty_settings" time="0.179" /><testcase classname="tests.test_dinepoints_api.TestQRCodeEndpoints" name="test_generate_qr_code" time="0.161" /><testcase classname="tests.test_dinepoints_api.TestHealthEndpoint" name="test_health_check" time="0.107" /></testsuite></testsuites>