<?xml version="1.0" encoding="utf-8"?><testsuites name="pytest tests"><testsuite name="pytest" errors="0" failures="0" skipped="0" tests="15" time="1.971" timestamp="2026-03-03T06:16:54.290735+00:00" hostname="agent-env-2cd69f06-7e43-4e25-a1e2-17452115513a"><testcase classname="backend.tests.test_customer_insights.TestCustomerInsightsAPI" name="test_insights_endpoint_returns_200_for_customer_with_orders" time="0.370" /><testcase classname="backend.tests.test_customer_insights.TestCustomerInsightsAPI" name="test_insights_response_structure" time="0.101" /><testcase classname="backend.tests.test_customer_insights.TestCustomerInsightsAPI" name="test_top_items_contains_data_for_customer_with_orders" time="0.106" /><testcase classname="backend.tests.test_customer_insights.TestCustomerInsightsAPI" name="test_top_categories_contains_cuisine_data" time="0.109" /><testcase classname="backend.tests.test_customer_insights.TestCustomerInsightsAPI" name="test_preferred_day_field" time="0.111" /><testcase classname="backend.tests.test_customer_insights.TestCustomerInsightsAPI" name="test_preferred_time_field" time="0.118" /><testcase classname="backend.tests.test_customer_insights.TestCustomerInsightsAPI" name="test_common_notes_structure" time="0.101" /><testcase classname="backend.tests.test_customer_insights.TestCustomerInsightsAPI" name="test_avg_order_value_is_numeric" time="0.106" /><testcase classname="backend.tests.test_customer_insights.TestCustomerInsightsAPI" name="test_insights_empty_for_customer_without_orders" time="0.104" /><testcase classname="backend.tests.test_customer_insights.TestCustomerInsightsAPI" name="test_insights_404_for_nonexistent_customer" time="0.104" /><testcase classname="backend.tests.test_customer_insights.TestCustomerInsightsAPI" name="test_insights_requires_authentication" time="0.118" /><testcase classname="backend.tests.test_customer_insights.TestCustomerDetailEndpoint" name="test_get_customer_detail" time="0.097" /><testcase classname="backend.tests.test_customer_insights.TestCustomerDetailEndpoint" name="test_customer_name_is_test_customer" time="0.107" /><testcase classname="backend.tests.test_customer_insights.TestPointsAndWalletHistory" name="test_get_points_transactions" time="0.102" /><testcase classname="backend.tests.test_customer_insights.TestPointsAndWalletHistory" name="test_get_wallet_transactions" time="0.100" /></testsuite></testsuites>