<?xml version="1.0" encoding="utf-8"?><testsuites name="pytest tests"><testsuite name="pytest" errors="0" failures="0" skipped="0" tests="16" time="5.191" timestamp="2026-02-23T12:48:53.345578+00:00" hostname="agent-env-32a6ab4d-c0f2-48dd-b46a-da71c05ee26a"><testcase classname="backend.tests.test_whatsapp_automation.TestWhatsAppTemplates" name="test_01_list_templates" time="0.481" /><testcase classname="backend.tests.test_whatsapp_automation.TestWhatsAppTemplates" name="test_02_create_template" time="0.115" /><testcase classname="backend.tests.test_whatsapp_automation.TestWhatsAppTemplates" name="test_03_get_template_by_id" time="0.115" /><testcase classname="backend.tests.test_whatsapp_automation.TestWhatsAppTemplates" name="test_04_update_template" time="0.140" /><testcase classname="backend.tests.test_whatsapp_automation.TestWhatsAppTemplates" name="test_05_create_template_with_media" time="0.211" /><testcase classname="backend.tests.test_whatsapp_automation.TestAutomationEvents" name="test_01_get_automation_events" time="0.440" /><testcase classname="backend.tests.test_whatsapp_automation.TestAutomationRules" name="test_01_list_automation_rules" time="0.544" /><testcase classname="backend.tests.test_whatsapp_automation.TestAutomationRules" name="test_02_create_automation_rule" time="0.178" /><testcase classname="backend.tests.test_whatsapp_automation.TestAutomationRules" name="test_03_get_rule_by_id" time="0.117" /><testcase classname="backend.tests.test_whatsapp_automation.TestAutomationRules" name="test_04_toggle_automation_rule" time="0.316" /><testcase classname="backend.tests.test_whatsapp_automation.TestAutomationRules" name="test_05_update_automation_rule" time="0.105" /><testcase classname="backend.tests.test_whatsapp_automation.TestAutomationRules" name="test_06_create_duplicate_event_rule_fails" time="0.120" /><testcase classname="backend.tests.test_whatsapp_automation.TestAutomationRules" name="test_07_delete_automation_rule" time="0.507" /><testcase classname="backend.tests.test_whatsapp_automation.TestTemplateProtection" name="test_01_delete_template_used_in_rule_fails" time="0.653" /><testcase classname="backend.tests.test_whatsapp_automation.TestTemplateProtection" name="test_02_delete_rule_then_template_succeeds" time="0.417" /><testcase classname="backend.tests.test_whatsapp_automation.TestCleanup" name="test_cleanup_test_templates" time="0.676" /></testsuite></testsuites>